# JRE version: Java(TM) SE Runtime Environment (11.0.6+8) (build 11.0.6+8-LTS)
# Java VM: Java HotSpot(TM) 64-Bit Server VM (11.0.6+8-LTS, mixed mode, tiered, compressed oops, g1 gc, windows-amd64)
Heap:
 garbage-first heap   total 27648K, used 8309K [0x0000000081400000, 0x0000000100000000)
  region size 1024K, 1 young (1024K), 1 survivors (1024K)
 Metaspace       used 15829K, capacity 16258K, committed 16512K, reserved 1064960K
  class space    used 1666K, capacity 1805K, committed 1920K, reserved 1048576K
GC Heap History (10 events):
Event: 0.932 GC heap after
{Heap after GC invocations=14 (full 0):
 garbage-first heap   total 13312K, used 7291K [0x0000000081400000, 0x0000000100000000)
  region size 1024K, 1 young (1024K), 1 survivors (1024K)
 Metaspace       used 15011K, capacity 15312K, committed 15616K, reserved 1062912K
  class space    used 1581K, capacity 1705K, committed 1792K, reserved 1048576K
}
Event: 0.936 GC heap before
{Heap before GC invocations=14 (full 0):
 garbage-first heap   total 13312K, used 8315K [0x0000000081400000, 0x0000000100000000)
  region size 1024K, 2 young (2048K), 1 survivors (1024K)
 Metaspace       used 15021K, capacity 15312K, committed 15616K, reserved 1062912K
  class space    used 1581K, capacity 1705K, committed 1792K, reserved 1048576K
}
Event: 0.939 GC heap after
{Heap after GC invocations=15 (full 0):
 garbage-first heap   total 16384K, used 6495K [0x0000000081400000, 0x0000000100000000)
  region size 1024K, 1 young (1024K), 1 survivors (1024K)
 Metaspace       used 15021K, capacity 15312K, committed 15616K, reserved 1062912K
  class space    used 1581K, capacity 1705K, committed 1792K, reserved 1048576K
}
Event: 1.002 GC heap before
{Heap before GC invocations=15 (full 0):
 garbage-first heap   total 16384K, used 9567K [0x0000000081400000, 0x0000000100000000)
  region size 1024K, 4 young (4096K), 1 survivors (1024K)
 Metaspace       used 15361K, capacity 15686K, committed 15872K, reserved 1062912K
  class space    used 1610K, capacity 1743K, committed 1792K, reserved 1048576K
}
Event: 1.005 GC heap after
{Heap after GC invocations=16 (full 0):
 garbage-first heap   total 16384K, used 7186K [0x0000000081400000, 0x0000000100000000)
  region size 1024K, 1 young (1024K), 1 survivors (1024K)
 Metaspace       used 15361K, capacity 15686K, committed 15872K, reserved 1062912K
  class space    used 1610K, capacity 1743K, committed 1792K, reserved 1048576K
}
Event: 1.047 GC heap before
{Heap before GC invocations=16 (full 0):
 garbage-first heap   total 16384K, used 9234K [0x0000000081400000, 0x0000000100000000)
  region size 1024K, 3 young (3072K), 1 survivors (1024K)
 Metaspace       used 15672K, capacity 16035K, committed 16256K, reserved 1062912K
  class space    used 1641K, capacity 1795K, committed 1920K, reserved 1048576K
}
Event: 1.050 GC heap after
{Heap after GC invocations=17 (full 0):
 garbage-first heap   total 16384K, used 7714K [0x0000000081400000, 0x0000000100000000)
  region size 1024K, 1 young (1024K), 1 survivors (1024K)
 Metaspace       used 15672K, capacity 16035K, committed 16256K, reserved 1062912K
  class space    used 1641K, capacity 1795K, committed 1920K, reserved 1048576K
}
Event: 1.073 GC heap before
{Heap before GC invocations=17 (full 0):
 garbage-first heap   total 16384K, used 9762K [0x0000000081400000, 0x0000000100000000)
  region size 1024K, 3 young (3072K), 1 survivors (1024K)
 Metaspace       used 15808K, capacity 16194K, committed 16512K, reserved 1064960K
  class space    used 1663K, capacity 1805K, committed 1920K, reserved 1048576K
}
Event: 1.076 GC heap after
{Heap after GC invocations=18 (full 0):
 garbage-first heap   total 16384K, used 7983K [0x0000000081400000, 0x0000000100000000)
  region size 1024K, 1 young (1024K), 1 survivors (1024K)
 Metaspace       used 15808K, capacity 16194K, committed 16512K, reserved 1064960K
  class space    used 1663K, capacity 1805K, committed 1920K, reserved 1048576K
}
Event: 1.086 GC heap before
{Heap before GC invocations=18 (full 0):
 garbage-first heap   total 16384K, used 9007K [0x0000000081400000, 0x0000000100000000)
  region size 1024K, 3 young (3072K), 1 survivors (1024K)
 Metaspace       used 15829K, capacity 16258K, committed 16512K, reserved 1064960K
  class space    used 1666K, capacity 1805K, committed 1920K, reserved 1048576K
}

